<?xml version='1.0' encoding='UTF-8'?>
<testsuite hostname="DESKTOP-O5N51GP" name="ElementaryShapeTest" tests="4" errors="0" failures="0" skipped="0" time="0.028" timestamp="2020-05-05T12:17:52">
                     <properties>
[...]
</properties>
                     <testcase classname="ElementaryShapeTest" name="Move rectangle up" time="0.024">
                                                 
                                               </testcase><testcase classname="ElementaryShapeTest" name="Move circle left" time="0.002">
                                                 
                                               </testcase><testcase classname="ElementaryShapeTest" name="Change color of rectangle via keyword" time="0.001">
                                                 
                                               </testcase><testcase classname="ElementaryShapeTest" name="Change color of circle via property" time="0.001">
                                                 
                                               </testcase>
                     <system-out><![CDATA[]]></system-out>
                     <system-err><![CDATA[]]></system-err>
                   </testsuite>