<?xml version='1.0' encoding='UTF-8'?>
<testsuite hostname="LAPTOP-EFS43GFM" name="ElementaryShapeTest" tests="7" errors="0" failures="0" skipped="0" time="0.031" timestamp="2020-05-11T22:02:28">
                     <properties>
[...]
</properties>
                     <testcase classname="ElementaryShapeTest" name="Move rectangle up" time="0.024">
                                                 
                                               </testcase><testcase classname="ElementaryShapeTest" name="Move circle left" time="0.002">
                                                 
                                               </testcase><testcase classname="ElementaryShapeTest" name="Change color of rectangle via keyword" time="0.001">
                                                 
                                               </testcase><testcase classname="ElementaryShapeTest" name="Change color of circle via property" time="0.001">
                                                 
                                               </testcase><testcase classname="ElementaryShapeTest" name="Change radius of circle via property" time="0.001">
                                                 
                                               </testcase><testcase classname="ElementaryShapeTest" name="Change width of rectangle via property" time="0.001">
                                                 
                                               </testcase><testcase classname="ElementaryShapeTest" name="Change height of rectangle via property" time="0.001">
                                                 
                                               </testcase>
                     <system-out><![CDATA[]]></system-out>
                     <system-err><![CDATA[]]></system-err>
                   </testsuite>